\BOOKMARK [1][-]{section.1}{General subjects in nuclear \040physics}{}% 1
\BOOKMARK [2][-]{subsection.1.1}{Typical sizes}{section.1}% 2
\BOOKMARK [2][-]{subsection.1.2}{Nuclear structure}{section.1}% 3
\BOOKMARK [2][-]{subsection.1.3}{Components of the nuclues and \040their property's}{section.1}% 4
\BOOKMARK [2][-]{subsection.1.4}{Forces in the nucleus}{section.1}% 5
\BOOKMARK [2][-]{subsection.1.5}{The Liquid-Drop model}{section.1}% 6
\BOOKMARK [2][-]{subsection.1.6}{Basic idea of shell model}{section.1}% 7
\BOOKMARK [1][-]{section.2}{Radioactivity}{}% 8
\BOOKMARK [2][-]{subsection.2.1}{Statistics of radiation}{section.2}% 9
\BOOKMARK [2][-]{subsection.2.2}{Background radiation}{section.2}% 10
\BOOKMARK [1][-]{section.3}{ \040and \040radiation}{}% 11
\BOOKMARK [2][-]{subsection.3.1}{The type of radiation and its \040emission process}{section.3}% 12
\BOOKMARK [3][-]{subsubsection.3.1.1}{ decay}{subsection.3.1}% 13
\BOOKMARK [3][-]{subsubsection.3.1.2}{ decay}{subsection.3.1}% 14
\BOOKMARK [3][-]{subsubsection.3.1.3}{ decay}{subsection.3.1}% 15
\BOOKMARK [2][-]{subsection.3.2}{How does the spectrum look like}{section.3}% 16
\BOOKMARK [2][-]{subsection.3.3}{Interaction with matter}{section.3}% 17
\BOOKMARK [3][-]{subsubsection.3.3.1}{ particles}{subsection.3.3}% 18
\BOOKMARK [3][-]{subsubsection.3.3.2}{ particles}{subsection.3.3}% 19
\BOOKMARK [1][-]{section.4}{ radiation interaction with matter}{}% 20
\BOOKMARK [1][-]{section.5}{How does the detector work}{}% 21
